[2025-07-30T21:48:35.987+0000] {taskinstance.py:1956} INFO - Dependencies all met for dep_context=non-requeueable deps ti=<TaskInstance: pipeline_medallon.cargar_a_transito manual__2025-07-30T21:47:57+00:00 [queued]>
[2025-07-30T21:48:36.072+0000] {taskinstance.py:1956} INFO - Dependencies all met for dep_context=requeueable deps ti=<TaskInstance: pipeline_medallon.cargar_a_transito manual__2025-07-30T21:47:57+00:00 [queued]>
[2025-07-30T21:48:36.073+0000] {taskinstance.py:2170} INFO - Starting attempt 1 of 2
[2025-07-30T21:48:36.112+0000] {taskinstance.py:2191} INFO - Executing <Task(BashOperator): cargar_a_transito> on 2025-07-30 21:47:57+00:00
[2025-07-30T21:48:36.115+0000] {standard_task_runner.py:60} INFO - Started process 207 to run task
[2025-07-30T21:48:36.119+0000] {standard_task_runner.py:87} INFO - Running: ['airflow', 'tasks', 'run', 'pipeline_medallon', 'cargar_a_transito', 'manual__2025-07-30T21:47:57+00:00', '--job-id', '46', '--raw', '--subdir', 'DAGS_FOLDER/pipeline_medallon_dag.py', '--cfg-path', '/tmp/tmpos_kng73']
[2025-07-30T21:48:36.121+0000] {standard_task_runner.py:88} INFO - Job 46: Subtask cargar_a_transito
[2025-07-30T21:48:36.215+0000] {task_command.py:423} INFO - Running <TaskInstance: pipeline_medallon.cargar_a_transito manual__2025-07-30T21:47:57+00:00 [running]> on host 70eaa744a05c
[2025-07-30T21:48:36.357+0000] {taskinstance.py:2480} INFO - Exporting env vars: AIRFLOW_CTX_DAG_OWNER='mateo.biasotto' AIRFLOW_CTX_DAG_ID='pipeline_medallon' AIRFLOW_CTX_TASK_ID='cargar_a_transito' AIRFLOW_CTX_EXECUTION_DATE='2025-07-30T21:47:57+00:00' AIRFLOW_CTX_TRY_NUMBER='1' AIRFLOW_CTX_DAG_RUN_ID='manual__2025-07-30T21:47:57+00:00'
[2025-07-30T21:48:36.359+0000] {subprocess.py:63} INFO - Tmp dir root location: /tmp
[2025-07-30T21:48:36.360+0000] {subprocess.py:75} INFO - Running command: ['/usr/bin/bash', '-c', 'python3 /opt/airflow/scripts/04_carga_a_transito.py']
[2025-07-30T21:48:36.368+0000] {subprocess.py:86} INFO - Output:
[2025-07-30T21:48:37.600+0000] {subprocess.py:93} INFO - 🔗 Conectando a MinIO en minio:9000...
[2025-07-30T21:48:37.601+0000] {subprocess.py:93} INFO - ⬇️ Descargando 'data_sales_silver.parquet' desde bucket 'dev-local-silver'...
[2025-07-30T21:48:37.601+0000] {subprocess.py:93} INFO - 📊 Datos cargados desde Silver: 9994 filas, 21 columnas
[2025-07-30T21:48:37.602+0000] {subprocess.py:93} INFO - 🧑‍🤝‍🧑 dim_cliente: 4910 filas
[2025-07-30T21:48:37.602+0000] {subprocess.py:93} INFO - 📦 dim_producto: 1894 filas
[2025-07-30T21:48:37.603+0000] {subprocess.py:93} INFO - 📈 fact_ventas: 9994 filas
[2025-07-30T21:48:37.603+0000] {subprocess.py:93} INFO - ✅ Guardado en Gold: dim_cliente.parquet
[2025-07-30T21:48:37.604+0000] {subprocess.py:93} INFO - ✅ Guardado en Gold: dim_producto.parquet
[2025-07-30T21:48:37.604+0000] {subprocess.py:93} INFO - ✅ Guardado en Gold: fact_ventas.parquet
[2025-07-30T21:48:37.706+0000] {subprocess.py:97} INFO - Command exited with return code 0
[2025-07-30T21:48:37.768+0000] {taskinstance.py:1138} INFO - Marking task as SUCCESS. dag_id=pipeline_medallon, task_id=cargar_a_transito, execution_date=20250730T214757, start_date=20250730T214835, end_date=20250730T214837
[2025-07-30T21:48:37.858+0000] {local_task_job_runner.py:234} INFO - Task exited with return code 0
[2025-07-30T21:48:37.899+0000] {taskinstance.py:3280} INFO - 1 downstream tasks scheduled from follow-on schedule check
