[2025-07-30T21:41:14.477+0000] {taskinstance.py:1956} INFO - Dependencies all met for dep_context=non-requeueable deps ti=<TaskInstance: pipeline_medallon.bronze_a_silver manual__2025-07-30T21:40:45.950271+00:00 [queued]>
[2025-07-30T21:41:14.587+0000] {taskinstance.py:1956} INFO - Dependencies all met for dep_context=requeueable deps ti=<TaskInstance: pipeline_medallon.bronze_a_silver manual__2025-07-30T21:40:45.950271+00:00 [queued]>
[2025-07-30T21:41:14.587+0000] {taskinstance.py:2170} INFO - Starting attempt 1 of 2
[2025-07-30T21:41:14.676+0000] {taskinstance.py:2191} INFO - Executing <Task(BashOperator): bronze_a_silver> on 2025-07-30 21:40:45.950271+00:00
[2025-07-30T21:41:14.685+0000] {standard_task_runner.py:60} INFO - Started process 330 to run task
[2025-07-30T21:41:14.691+0000] {standard_task_runner.py:87} INFO - Running: ['airflow', 'tasks', 'run', 'pipeline_medallon', 'bronze_a_silver', 'manual__2025-07-30T21:40:45.950271+00:00', '--job-id', '33', '--raw', '--subdir', 'DAGS_FOLDER/pipeline_medallon_dag.py', '--cfg-path', '/tmp/tmpoqsh9d7h']
[2025-07-30T21:41:14.695+0000] {standard_task_runner.py:88} INFO - Job 33: Subtask bronze_a_silver
[2025-07-30T21:41:14.850+0000] {task_command.py:423} INFO - Running <TaskInstance: pipeline_medallon.bronze_a_silver manual__2025-07-30T21:40:45.950271+00:00 [running]> on host 70eaa744a05c
[2025-07-30T21:41:15.041+0000] {taskinstance.py:2480} INFO - Exporting env vars: AIRFLOW_CTX_DAG_OWNER='mateo.biasotto' AIRFLOW_CTX_DAG_ID='pipeline_medallon' AIRFLOW_CTX_TASK_ID='bronze_a_silver' AIRFLOW_CTX_EXECUTION_DATE='2025-07-30T21:40:45.950271+00:00' AIRFLOW_CTX_TRY_NUMBER='1' AIRFLOW_CTX_DAG_RUN_ID='manual__2025-07-30T21:40:45.950271+00:00'
[2025-07-30T21:41:15.042+0000] {subprocess.py:63} INFO - Tmp dir root location: /tmp
[2025-07-30T21:41:15.044+0000] {subprocess.py:75} INFO - Running command: ['/usr/bin/bash', '-c', 'python3 /opt/airflow/scripts/02_bronze_a_silver.py']
[2025-07-30T21:41:15.053+0000] {subprocess.py:86} INFO - Output:
[2025-07-30T21:41:16.198+0000] {subprocess.py:93} INFO - 🔗 Conectando a MinIO en minio:9000...
[2025-07-30T21:41:16.199+0000] {subprocess.py:93} INFO - ⬇️ Descargando 'data_sales.csv' desde bucket 'dev-local-bronze'...
[2025-07-30T21:41:16.200+0000] {subprocess.py:93} INFO - 📊 Datos originales: 9994 filas, 21 columnas
[2025-07-30T21:41:16.200+0000] {subprocess.py:93} INFO - 📋 Columnas encontradas: ['row_id', 'order_id', 'order_date', 'ship_date', 'ship_mode', 'customer_id', 'customer_name', 'segment', 'country', 'city', 'state', 'postal_code', 'region', 'product_id', 'category', 'sub-category', 'product_name', 'sales', 'quantity', 'discount', 'profit']
[2025-07-30T21:41:16.200+0000] {subprocess.py:93} INFO - ✅ Datos limpios cargados en Silver como 'data_sales_silver.parquet'
[2025-07-30T21:41:16.274+0000] {subprocess.py:97} INFO - Command exited with return code 0
[2025-07-30T21:41:16.328+0000] {taskinstance.py:1138} INFO - Marking task as SUCCESS. dag_id=pipeline_medallon, task_id=bronze_a_silver, execution_date=20250730T214045, start_date=20250730T214114, end_date=20250730T214116
[2025-07-30T21:41:16.392+0000] {local_task_job_runner.py:234} INFO - Task exited with return code 0
[2025-07-30T21:41:16.432+0000] {taskinstance.py:3280} INFO - 1 downstream tasks scheduled from follow-on schedule check
