[2025-08-05T19:33:43.081+0000] {taskinstance.py:1956} INFO - Dependencies all met for dep_context=non-requeueable deps ti=<TaskInstance: pipeline_medallon.cargar_a_bulk manual__2025-08-05T19:33:08.157834+00:00 [queued]>
[2025-08-05T19:33:43.109+0000] {taskinstance.py:1956} INFO - Dependencies all met for dep_context=requeueable deps ti=<TaskInstance: pipeline_medallon.cargar_a_bulk manual__2025-08-05T19:33:08.157834+00:00 [queued]>
[2025-08-05T19:33:43.110+0000] {taskinstance.py:2170} INFO - Starting attempt 1 of 2
[2025-08-05T19:33:43.153+0000] {taskinstance.py:2191} INFO - Executing <Task(BashOperator): cargar_a_bulk> on 2025-08-05 19:33:08.157834+00:00
[2025-08-05T19:33:43.157+0000] {standard_task_runner.py:60} INFO - Started process 168 to run task
[2025-08-05T19:33:43.161+0000] {standard_task_runner.py:87} INFO - Running: ['airflow', 'tasks', 'run', 'pipeline_medallon', 'cargar_a_bulk', 'manual__2025-08-05T19:33:08.157834+00:00', '--job-id', '277', '--raw', '--subdir', 'DAGS_FOLDER/pipeline_medallon_dag.py', '--cfg-path', '/tmp/tmpv13oyasg']
[2025-08-05T19:33:43.163+0000] {standard_task_runner.py:88} INFO - Job 277: Subtask cargar_a_bulk
[2025-08-05T19:33:43.247+0000] {task_command.py:423} INFO - Running <TaskInstance: pipeline_medallon.cargar_a_bulk manual__2025-08-05T19:33:08.157834+00:00 [running]> on host 70eaa744a05c
[2025-08-05T19:33:43.394+0000] {taskinstance.py:2480} INFO - Exporting env vars: AIRFLOW_CTX_DAG_OWNER='mateo.biasotto' AIRFLOW_CTX_DAG_ID='pipeline_medallon' AIRFLOW_CTX_TASK_ID='cargar_a_bulk' AIRFLOW_CTX_EXECUTION_DATE='2025-08-05T19:33:08.157834+00:00' AIRFLOW_CTX_TRY_NUMBER='1' AIRFLOW_CTX_DAG_RUN_ID='manual__2025-08-05T19:33:08.157834+00:00'
[2025-08-05T19:33:43.396+0000] {subprocess.py:63} INFO - Tmp dir root location: /tmp
[2025-08-05T19:33:43.397+0000] {subprocess.py:75} INFO - Running command: ['/usr/bin/bash', '-c', 'python3 /opt/airflow/scripts/minio_04_carga_a_transito.py']
[2025-08-05T19:33:43.406+0000] {subprocess.py:86} INFO - Output:
[2025-08-05T19:33:45.198+0000] {subprocess.py:93} INFO - Conectando a MinIO en minio:9000...
[2025-08-05T19:33:45.198+0000] {subprocess.py:93} INFO - Tablas bulk limpiadas correctamente antes de la carga.
[2025-08-05T19:33:45.199+0000] {subprocess.py:93} INFO - Cargando dim_cliente.parquet (4920 filas) a bulk_dim_cliente...
[2025-08-05T19:33:45.199+0000] {subprocess.py:93} INFO -    🔹 bulk_dim_cliente: 4920 → 802 filas tras limpiar nulos y duplicados en customer_id.
[2025-08-05T19:33:45.200+0000] {subprocess.py:93} INFO - 802 filas cargadas en bulk_dim_cliente
[2025-08-05T19:33:45.201+0000] {subprocess.py:93} INFO - Cargando dim_producto.parquet (1894 filas) a bulk_dim_producto...
[2025-08-05T19:33:45.201+0000] {subprocess.py:93} INFO -    🔹 bulk_dim_producto: 1894 → 1862 filas tras limpiar nulos y duplicados en product_id.
[2025-08-05T19:33:45.202+0000] {subprocess.py:93} INFO - 1862 filas cargadas en bulk_dim_producto
[2025-08-05T19:33:45.203+0000] {subprocess.py:93} INFO - Cargando fact_ventas.parquet (10005 filas) a bulk_fact_ventas...
[2025-08-05T19:33:45.203+0000] {subprocess.py:93} INFO -    🔹 bulk_fact_ventas: 10005 → 9986 filas tras limpiar nulos y duplicados en (order_id, product_id).
[2025-08-05T19:33:45.204+0000] {subprocess.py:93} INFO - 9986 filas cargadas en bulk_fact_ventas
[2025-08-05T19:33:45.320+0000] {subprocess.py:97} INFO - Command exited with return code 0
[2025-08-05T19:33:45.378+0000] {taskinstance.py:1138} INFO - Marking task as SUCCESS. dag_id=pipeline_medallon, task_id=cargar_a_bulk, execution_date=20250805T193308, start_date=20250805T193343, end_date=20250805T193345
[2025-08-05T19:33:45.461+0000] {local_task_job_runner.py:234} INFO - Task exited with return code 0
[2025-08-05T19:33:45.495+0000] {taskinstance.py:3280} INFO - 1 downstream tasks scheduled from follow-on schedule check
