[2025-07-30T22:03:50.485+0000] {taskinstance.py:1956} INFO - Dependencies all met for dep_context=non-requeueable deps ti=<TaskInstance: pipeline_medallon.silver_a_gold manual__2025-07-30T22:03:15+00:00 [queued]>
[2025-07-30T22:03:50.567+0000] {taskinstance.py:1956} INFO - Dependencies all met for dep_context=requeueable deps ti=<TaskInstance: pipeline_medallon.silver_a_gold manual__2025-07-30T22:03:15+00:00 [queued]>
[2025-07-30T22:03:50.567+0000] {taskinstance.py:2170} INFO - Starting attempt 1 of 2
[2025-07-30T22:03:50.604+0000] {taskinstance.py:2191} INFO - Executing <Task(BashOperator): silver_a_gold> on 2025-07-30 22:03:15+00:00
[2025-07-30T22:03:50.607+0000] {standard_task_runner.py:60} INFO - Started process 156 to run task
[2025-07-30T22:03:50.611+0000] {standard_task_runner.py:87} INFO - Running: ['airflow', 'tasks', 'run', 'pipeline_medallon', 'silver_a_gold', 'manual__2025-07-30T22:03:15+00:00', '--job-id', '65', '--raw', '--subdir', 'DAGS_FOLDER/pipeline_medallon_dag.py', '--cfg-path', '/tmp/tmpemk6xicd']
[2025-07-30T22:03:50.613+0000] {standard_task_runner.py:88} INFO - Job 65: Subtask silver_a_gold
[2025-07-30T22:03:50.700+0000] {task_command.py:423} INFO - Running <TaskInstance: pipeline_medallon.silver_a_gold manual__2025-07-30T22:03:15+00:00 [running]> on host 70eaa744a05c
[2025-07-30T22:03:50.831+0000] {taskinstance.py:2480} INFO - Exporting env vars: AIRFLOW_CTX_DAG_OWNER='mateo.biasotto' AIRFLOW_CTX_DAG_ID='pipeline_medallon' AIRFLOW_CTX_TASK_ID='silver_a_gold' AIRFLOW_CTX_EXECUTION_DATE='2025-07-30T22:03:15+00:00' AIRFLOW_CTX_TRY_NUMBER='1' AIRFLOW_CTX_DAG_RUN_ID='manual__2025-07-30T22:03:15+00:00'
[2025-07-30T22:03:50.832+0000] {subprocess.py:63} INFO - Tmp dir root location: /tmp
[2025-07-30T22:03:50.834+0000] {subprocess.py:75} INFO - Running command: ['/usr/bin/bash', '-c', 'python3 /opt/airflow/scripts/03_silver_a_gold.py']
[2025-07-30T22:03:50.841+0000] {subprocess.py:86} INFO - Output:
[2025-07-30T22:03:52.173+0000] {subprocess.py:93} INFO - 🔗 Conectando a MinIO en minio:9000...
[2025-07-30T22:03:52.174+0000] {subprocess.py:93} INFO - ⬇️ Descargando 'data_sales_silver.parquet' desde bucket 'dev-local-silver'...
[2025-07-30T22:03:52.175+0000] {subprocess.py:93} INFO - 📊 Datos cargados desde Silver: 9994 filas, 21 columnas
[2025-07-30T22:03:52.175+0000] {subprocess.py:93} INFO - 🧑‍🤝‍🧑 dim_cliente: 4910 filas
[2025-07-30T22:03:52.176+0000] {subprocess.py:93} INFO - 📦 dim_producto: 1894 filas
[2025-07-30T22:03:52.177+0000] {subprocess.py:93} INFO - 📈 fact_ventas: 9994 filas
[2025-07-30T22:03:52.177+0000] {subprocess.py:93} INFO - ✅ Guardado en Gold: dim_cliente.parquet
[2025-07-30T22:03:52.178+0000] {subprocess.py:93} INFO - ✅ Guardado en Gold: dim_producto.parquet
[2025-07-30T22:03:52.179+0000] {subprocess.py:93} INFO - ✅ Guardado en Gold: fact_ventas.parquet
[2025-07-30T22:03:52.278+0000] {subprocess.py:97} INFO - Command exited with return code 0
[2025-07-30T22:03:52.368+0000] {taskinstance.py:1138} INFO - Marking task as SUCCESS. dag_id=pipeline_medallon, task_id=silver_a_gold, execution_date=20250730T220315, start_date=20250730T220350, end_date=20250730T220352
[2025-07-30T22:03:52.431+0000] {local_task_job_runner.py:234} INFO - Task exited with return code 0
[2025-07-30T22:03:52.487+0000] {taskinstance.py:3280} INFO - 1 downstream tasks scheduled from follow-on schedule check
