[2025-07-30T22:00:07.594+0000] {taskinstance.py:1956} INFO - Dependencies all met for dep_context=non-requeueable deps ti=<TaskInstance: pipeline_medallon.crea_esquema_staging manual__2025-07-30T21:59:57+00:00 [queued]>
[2025-07-30T22:00:07.729+0000] {taskinstance.py:1956} INFO - Dependencies all met for dep_context=requeueable deps ti=<TaskInstance: pipeline_medallon.crea_esquema_staging manual__2025-07-30T21:59:57+00:00 [queued]>
[2025-07-30T22:00:07.730+0000] {taskinstance.py:2170} INFO - Starting attempt 1 of 2
[2025-07-30T22:00:07.789+0000] {taskinstance.py:2191} INFO - Executing <Task(BashOperator): crea_esquema_staging> on 2025-07-30 21:59:57+00:00
[2025-07-30T22:00:07.795+0000] {standard_task_runner.py:60} INFO - Started process 315 to run task
[2025-07-30T22:00:07.800+0000] {standard_task_runner.py:87} INFO - Running: ['airflow', 'tasks', 'run', 'pipeline_medallon', 'crea_esquema_staging', 'manual__2025-07-30T21:59:57+00:00', '--job-id', '50', '--raw', '--subdir', 'DAGS_FOLDER/pipeline_medallon_dag.py', '--cfg-path', '/tmp/tmpbnjtogkk']
[2025-07-30T22:00:07.804+0000] {standard_task_runner.py:88} INFO - Job 50: Subtask crea_esquema_staging
[2025-07-30T22:00:07.957+0000] {task_command.py:423} INFO - Running <TaskInstance: pipeline_medallon.crea_esquema_staging manual__2025-07-30T21:59:57+00:00 [running]> on host 70eaa744a05c
[2025-07-30T22:00:08.157+0000] {taskinstance.py:2480} INFO - Exporting env vars: AIRFLOW_CTX_DAG_OWNER='mateo.biasotto' AIRFLOW_CTX_DAG_ID='pipeline_medallon' AIRFLOW_CTX_TASK_ID='crea_esquema_staging' AIRFLOW_CTX_EXECUTION_DATE='2025-07-30T21:59:57+00:00' AIRFLOW_CTX_TRY_NUMBER='1' AIRFLOW_CTX_DAG_RUN_ID='manual__2025-07-30T21:59:57+00:00'
[2025-07-30T22:00:08.159+0000] {subprocess.py:63} INFO - Tmp dir root location: /tmp
[2025-07-30T22:00:08.161+0000] {subprocess.py:75} INFO - Running command: ['/usr/bin/bash', '-c', 'python3 /opt/airflow/scripts/02_crea_esquema_staging.py']
[2025-07-30T22:00:08.170+0000] {subprocess.py:86} INFO - Output:
[2025-07-30T22:00:08.454+0000] {subprocess.py:93} INFO - 🔗 Conectado a PostgreSQL en postgres:5432/medallon_db
[2025-07-30T22:00:08.455+0000] {subprocess.py:93} INFO - ▶️ Ejecutando: /opt/airflow/sql/02_crear_tablas_staging.sql
[2025-07-30T22:00:08.455+0000] {subprocess.py:93} INFO - ⚠️ Error en la sentencia:
[2025-07-30T22:00:08.455+0000] {subprocess.py:93} INFO - -- Ventas staging
[2025-07-30T22:00:08.456+0000] {subprocess.py:93} INFO - CREATE TABLE IF NOT EXISTS staging.fact_ventas (
[2025-07-30T22:00:08.456+0000] {subprocess.py:93} INFO -     taligent_id  VARCHAR PRIMARY KEY, -- clave concatenada order_id-product_id
[2025-07-30T22:00:08.457+0000] {subprocess.py:93} INFO -     order_id     VARCHAR,
[2025-07-30T22:00:08.457+0000] {subprocess.py:93} INFO -     order_date   DATE,
[2025-07-30T22:00:08.458+0000] {subprocess.py:93} INFO -     ship_date    DATE,
[2025-07-30T22:00:08.458+0000] {subprocess.py:93} INFO -     customer_id  VARCHAR REFERENCES public.dim_cliente(customer_id),
[2025-07-30T22:00:08.459+0000] {subprocess.py:93} INFO -     product_id   VARCHAR REFERENCES public.dim_producto(product_id),
[2025-07-30T22:00:08.460+0000] {subprocess.py:93} INFO -     sales        NUMERIC,
[2025-07-30T22:00:08.461+0000] {subprocess.py:93} INFO -     quantity     INT,
[2025-07-30T22:00:08.462+0000] {subprocess.py:93} INFO -     discount     NUMERIC,
[2025-07-30T22:00:08.462+0000] {subprocess.py:93} INFO -     profit       NUMERIC
[2025-07-30T22:00:08.463+0000] {subprocess.py:93} INFO - )
[2025-07-30T22:00:08.463+0000] {subprocess.py:93} INFO - relation "public.dim_cliente" does not exist
[2025-07-30T22:00:08.464+0000] {subprocess.py:93} INFO - 
[2025-07-30T22:00:08.464+0000] {subprocess.py:93} INFO - ✅ Script ejecutado correctamente
[2025-07-30T22:00:08.465+0000] {subprocess.py:97} INFO - Command exited with return code 0
[2025-07-30T22:00:08.523+0000] {taskinstance.py:1138} INFO - Marking task as SUCCESS. dag_id=pipeline_medallon, task_id=crea_esquema_staging, execution_date=20250730T215957, start_date=20250730T220007, end_date=20250730T220008
[2025-07-30T22:00:08.578+0000] {local_task_job_runner.py:234} INFO - Task exited with return code 0
[2025-07-30T22:00:08.633+0000] {taskinstance.py:3280} INFO - 1 downstream tasks scheduled from follow-on schedule check
