[2025-08-05T19:33:37.756+0000] {taskinstance.py:1956} INFO - Dependencies all met for dep_context=non-requeueable deps ti=<TaskInstance: pipeline_medallon.silver_a_gold manual__2025-08-05T19:33:08.157834+00:00 [queued]>
[2025-08-05T19:33:37.784+0000] {taskinstance.py:1956} INFO - Dependencies all met for dep_context=requeueable deps ti=<TaskInstance: pipeline_medallon.silver_a_gold manual__2025-08-05T19:33:08.157834+00:00 [queued]>
[2025-08-05T19:33:37.785+0000] {taskinstance.py:2170} INFO - Starting attempt 1 of 2
[2025-08-05T19:33:37.830+0000] {taskinstance.py:2191} INFO - Executing <Task(BashOperator): silver_a_gold> on 2025-08-05 19:33:08.157834+00:00
[2025-08-05T19:33:37.834+0000] {standard_task_runner.py:60} INFO - Started process 127 to run task
[2025-08-05T19:33:37.837+0000] {standard_task_runner.py:87} INFO - Running: ['airflow', 'tasks', 'run', 'pipeline_medallon', 'silver_a_gold', 'manual__2025-08-05T19:33:08.157834+00:00', '--job-id', '276', '--raw', '--subdir', 'DAGS_FOLDER/pipeline_medallon_dag.py', '--cfg-path', '/tmp/tmpbwq645x9']
[2025-08-05T19:33:37.839+0000] {standard_task_runner.py:88} INFO - Job 276: Subtask silver_a_gold
[2025-08-05T19:33:37.925+0000] {task_command.py:423} INFO - Running <TaskInstance: pipeline_medallon.silver_a_gold manual__2025-08-05T19:33:08.157834+00:00 [running]> on host 70eaa744a05c
[2025-08-05T19:33:38.072+0000] {taskinstance.py:2480} INFO - Exporting env vars: AIRFLOW_CTX_DAG_OWNER='mateo.biasotto' AIRFLOW_CTX_DAG_ID='pipeline_medallon' AIRFLOW_CTX_TASK_ID='silver_a_gold' AIRFLOW_CTX_EXECUTION_DATE='2025-08-05T19:33:08.157834+00:00' AIRFLOW_CTX_TRY_NUMBER='1' AIRFLOW_CTX_DAG_RUN_ID='manual__2025-08-05T19:33:08.157834+00:00'
[2025-08-05T19:33:38.073+0000] {subprocess.py:63} INFO - Tmp dir root location: /tmp
[2025-08-05T19:33:38.074+0000] {subprocess.py:75} INFO - Running command: ['/usr/bin/bash', '-c', 'python3 /opt/airflow/scripts/minio_03_silver_a_gold.py']
[2025-08-05T19:33:38.081+0000] {subprocess.py:86} INFO - Output:
[2025-08-05T19:33:39.084+0000] {subprocess.py:93} INFO - Conectando a MinIO en minio:9000...
[2025-08-05T19:33:39.084+0000] {subprocess.py:93} INFO - Descargando 'data_sales_silver.parquet' desde bucket 'dev-local-silver'...
[2025-08-05T19:33:39.085+0000] {subprocess.py:93} INFO - Datos cargados desde Silver: 10005 filas, 21 columnas
[2025-08-05T19:33:39.085+0000] {subprocess.py:93} INFO - dim_cliente: 4920 filas
[2025-08-05T19:33:39.086+0000] {subprocess.py:93} INFO - dim_producto: 1894 filas
[2025-08-05T19:33:39.086+0000] {subprocess.py:93} INFO - fact_ventas: 10005 filas
[2025-08-05T19:33:39.087+0000] {subprocess.py:93} INFO - Guardado en Gold: dim_cliente.parquet
[2025-08-05T19:33:39.088+0000] {subprocess.py:93} INFO - Guardado en Gold: dim_producto.parquet
[2025-08-05T19:33:39.088+0000] {subprocess.py:93} INFO - Guardado en Gold: fact_ventas.parquet
[2025-08-05T19:33:39.177+0000] {subprocess.py:97} INFO - Command exited with return code 0
[2025-08-05T19:33:39.231+0000] {taskinstance.py:1138} INFO - Marking task as SUCCESS. dag_id=pipeline_medallon, task_id=silver_a_gold, execution_date=20250805T193308, start_date=20250805T193337, end_date=20250805T193339
[2025-08-05T19:33:39.336+0000] {local_task_job_runner.py:234} INFO - Task exited with return code 0
[2025-08-05T19:33:39.376+0000] {taskinstance.py:3280} INFO - 1 downstream tasks scheduled from follow-on schedule check
