[2025-08-05T18:53:46.092+0000] {taskinstance.py:1956} INFO - Dependencies all met for dep_context=non-requeueable deps ti=<TaskInstance: pipeline_medallon.cargar_a_bulk manual__2025-08-05T18:53:03.497985+00:00 [queued]>
[2025-08-05T18:53:46.122+0000] {taskinstance.py:1956} INFO - Dependencies all met for dep_context=requeueable deps ti=<TaskInstance: pipeline_medallon.cargar_a_bulk manual__2025-08-05T18:53:03.497985+00:00 [queued]>
[2025-08-05T18:53:46.123+0000] {taskinstance.py:2170} INFO - Starting attempt 1 of 2
[2025-08-05T18:53:46.165+0000] {taskinstance.py:2191} INFO - Executing <Task(BashOperator): cargar_a_bulk> on 2025-08-05 18:53:03.497985+00:00
[2025-08-05T18:53:46.170+0000] {standard_task_runner.py:60} INFO - Started process 429 to run task
[2025-08-05T18:53:46.175+0000] {standard_task_runner.py:87} INFO - Running: ['airflow', 'tasks', 'run', 'pipeline_medallon', 'cargar_a_bulk', 'manual__2025-08-05T18:53:03.497985+00:00', '--job-id', '223', '--raw', '--subdir', 'DAGS_FOLDER/pipeline_medallon_dag.py', '--cfg-path', '/tmp/tmpem6gnklc']
[2025-08-05T18:53:46.177+0000] {standard_task_runner.py:88} INFO - Job 223: Subtask cargar_a_bulk
[2025-08-05T18:53:46.266+0000] {task_command.py:423} INFO - Running <TaskInstance: pipeline_medallon.cargar_a_bulk manual__2025-08-05T18:53:03.497985+00:00 [running]> on host 70eaa744a05c
[2025-08-05T18:53:46.431+0000] {taskinstance.py:2480} INFO - Exporting env vars: AIRFLOW_CTX_DAG_OWNER='mateo.biasotto' AIRFLOW_CTX_DAG_ID='pipeline_medallon' AIRFLOW_CTX_TASK_ID='cargar_a_bulk' AIRFLOW_CTX_EXECUTION_DATE='2025-08-05T18:53:03.497985+00:00' AIRFLOW_CTX_TRY_NUMBER='1' AIRFLOW_CTX_DAG_RUN_ID='manual__2025-08-05T18:53:03.497985+00:00'
[2025-08-05T18:53:46.432+0000] {subprocess.py:63} INFO - Tmp dir root location: /tmp
[2025-08-05T18:53:46.433+0000] {subprocess.py:75} INFO - Running command: ['/usr/bin/bash', '-c', 'python3 /opt/airflow/scripts/minio_04_carga_a_transito.py']
[2025-08-05T18:53:46.440+0000] {subprocess.py:86} INFO - Output:
[2025-08-05T18:53:48.210+0000] {subprocess.py:93} INFO - Conectando a MinIO en minio:9000...
[2025-08-05T18:53:48.211+0000] {subprocess.py:93} INFO - Tablas bulk limpiadas correctamente antes de la carga.
[2025-08-05T18:53:48.211+0000] {subprocess.py:93} INFO - Cargando dim_cliente.parquet (4913 filas) a bulk_dim_cliente...
[2025-08-05T18:53:48.212+0000] {subprocess.py:93} INFO -    🔹 bulk_dim_cliente: 4913 → 795 filas tras limpiar nulos y duplicados en customer_id.
[2025-08-05T18:53:48.213+0000] {subprocess.py:93} INFO - 795 filas cargadas en bulk_dim_cliente
[2025-08-05T18:53:48.213+0000] {subprocess.py:93} INFO - Cargando dim_producto.parquet (1894 filas) a bulk_dim_producto...
[2025-08-05T18:53:48.215+0000] {subprocess.py:93} INFO -    🔹 bulk_dim_producto: 1894 → 1862 filas tras limpiar nulos y duplicados en product_id.
[2025-08-05T18:53:48.224+0000] {subprocess.py:93} INFO - 1862 filas cargadas en bulk_dim_producto
[2025-08-05T18:53:48.230+0000] {subprocess.py:93} INFO - Cargando fact_ventas.parquet (9998 filas) a bulk_fact_ventas...
[2025-08-05T18:53:48.252+0000] {subprocess.py:93} INFO -    🔹 bulk_fact_ventas: 9998 → 9986 filas tras limpiar nulos y duplicados en (order_id, product_id).
[2025-08-05T18:53:48.256+0000] {subprocess.py:93} INFO - 9986 filas cargadas en bulk_fact_ventas
[2025-08-05T18:53:48.389+0000] {subprocess.py:97} INFO - Command exited with return code 0
[2025-08-05T18:53:48.442+0000] {taskinstance.py:1138} INFO - Marking task as SUCCESS. dag_id=pipeline_medallon, task_id=cargar_a_bulk, execution_date=20250805T185303, start_date=20250805T185346, end_date=20250805T185348
[2025-08-05T18:53:48.489+0000] {local_task_job_runner.py:234} INFO - Task exited with return code 0
[2025-08-05T18:53:48.525+0000] {taskinstance.py:3280} INFO - 1 downstream tasks scheduled from follow-on schedule check
