[2025-08-01T12:58:44.659+0000] {taskinstance.py:1956} INFO - Dependencies all met for dep_context=non-requeueable deps ti=<TaskInstance: pipeline_medallon.silver_a_gold manual__2025-08-01T12:58:10.227986+00:00 [queued]>
[2025-08-01T12:58:44.676+0000] {taskinstance.py:1956} INFO - Dependencies all met for dep_context=requeueable deps ti=<TaskInstance: pipeline_medallon.silver_a_gold manual__2025-08-01T12:58:10.227986+00:00 [queued]>
[2025-08-01T12:58:44.676+0000] {taskinstance.py:2170} INFO - Starting attempt 1 of 2
[2025-08-01T12:58:44.713+0000] {taskinstance.py:2191} INFO - Executing <Task(BashOperator): silver_a_gold> on 2025-08-01 12:58:10.227986+00:00
[2025-08-01T12:58:44.718+0000] {standard_task_runner.py:60} INFO - Started process 2395 to run task
[2025-08-01T12:58:44.721+0000] {standard_task_runner.py:87} INFO - Running: ['airflow', 'tasks', 'run', 'pipeline_medallon', 'silver_a_gold', 'manual__2025-08-01T12:58:10.227986+00:00', '--job-id', '108', '--raw', '--subdir', 'DAGS_FOLDER/pipeline_medallon_dag.py', '--cfg-path', '/tmp/tmp4iq9kdgd']
[2025-08-01T12:58:44.722+0000] {standard_task_runner.py:88} INFO - Job 108: Subtask silver_a_gold
[2025-08-01T12:58:44.807+0000] {task_command.py:423} INFO - Running <TaskInstance: pipeline_medallon.silver_a_gold manual__2025-08-01T12:58:10.227986+00:00 [running]> on host 70eaa744a05c
[2025-08-01T12:58:44.949+0000] {taskinstance.py:2480} INFO - Exporting env vars: AIRFLOW_CTX_DAG_OWNER='mateo.biasotto' AIRFLOW_CTX_DAG_ID='pipeline_medallon' AIRFLOW_CTX_TASK_ID='silver_a_gold' AIRFLOW_CTX_EXECUTION_DATE='2025-08-01T12:58:10.227986+00:00' AIRFLOW_CTX_TRY_NUMBER='1' AIRFLOW_CTX_DAG_RUN_ID='manual__2025-08-01T12:58:10.227986+00:00'
[2025-08-01T12:58:44.950+0000] {subprocess.py:63} INFO - Tmp dir root location: /tmp
[2025-08-01T12:58:44.952+0000] {subprocess.py:75} INFO - Running command: ['/usr/bin/bash', '-c', 'python3 /opt/airflow/scripts/03_silver_a_gold.py']
[2025-08-01T12:58:44.959+0000] {subprocess.py:86} INFO - Output:
[2025-08-01T12:58:46.056+0000] {subprocess.py:93} INFO - 🔗 Conectando a MinIO en minio:9000...
[2025-08-01T12:58:46.057+0000] {subprocess.py:93} INFO - ⬇️ Descargando 'data_sales_silver.parquet' desde bucket 'dev-local-silver'...
[2025-08-01T12:58:46.058+0000] {subprocess.py:93} INFO - 📊 Datos cargados desde Silver: 9994 filas, 21 columnas
[2025-08-01T12:58:46.059+0000] {subprocess.py:93} INFO - 🧑‍🤝‍🧑 dim_cliente: 4910 filas
[2025-08-01T12:58:46.060+0000] {subprocess.py:93} INFO - 📦 dim_producto: 1894 filas
[2025-08-01T12:58:46.061+0000] {subprocess.py:93} INFO - 📈 fact_ventas: 9994 filas
[2025-08-01T12:58:46.062+0000] {subprocess.py:93} INFO - ✅ Guardado en Gold: dim_cliente.parquet
[2025-08-01T12:58:46.063+0000] {subprocess.py:93} INFO - ✅ Guardado en Gold: dim_producto.parquet
[2025-08-01T12:58:46.063+0000] {subprocess.py:93} INFO - ✅ Guardado en Gold: fact_ventas.parquet
[2025-08-01T12:58:46.170+0000] {subprocess.py:97} INFO - Command exited with return code 0
[2025-08-01T12:58:46.268+0000] {taskinstance.py:1138} INFO - Marking task as SUCCESS. dag_id=pipeline_medallon, task_id=silver_a_gold, execution_date=20250801T125810, start_date=20250801T125844, end_date=20250801T125846
[2025-08-01T12:58:46.339+0000] {local_task_job_runner.py:234} INFO - Task exited with return code 0
[2025-08-01T12:58:46.395+0000] {taskinstance.py:3280} INFO - 1 downstream tasks scheduled from follow-on schedule check
