[2025-08-05T19:04:56.684+0000] {taskinstance.py:1956} INFO - Dependencies all met for dep_context=non-requeueable deps ti=<TaskInstance: pipeline_medallon.cargar_a_bulk manual__2025-08-05T19:04:18.558608+00:00 [queued]>
[2025-08-05T19:04:56.707+0000] {taskinstance.py:1956} INFO - Dependencies all met for dep_context=requeueable deps ti=<TaskInstance: pipeline_medallon.cargar_a_bulk manual__2025-08-05T19:04:18.558608+00:00 [queued]>
[2025-08-05T19:04:56.708+0000] {taskinstance.py:2170} INFO - Starting attempt 1 of 2
[2025-08-05T19:04:56.748+0000] {taskinstance.py:2191} INFO - Executing <Task(BashOperator): cargar_a_bulk> on 2025-08-05 19:04:18.558608+00:00
[2025-08-05T19:04:56.752+0000] {standard_task_runner.py:60} INFO - Started process 173 to run task
[2025-08-05T19:04:56.755+0000] {standard_task_runner.py:87} INFO - Running: ['airflow', 'tasks', 'run', 'pipeline_medallon', 'cargar_a_bulk', 'manual__2025-08-05T19:04:18.558608+00:00', '--job-id', '232', '--raw', '--subdir', 'DAGS_FOLDER/pipeline_medallon_dag.py', '--cfg-path', '/tmp/tmpv7i7xwqp']
[2025-08-05T19:04:56.757+0000] {standard_task_runner.py:88} INFO - Job 232: Subtask cargar_a_bulk
[2025-08-05T19:04:56.838+0000] {task_command.py:423} INFO - Running <TaskInstance: pipeline_medallon.cargar_a_bulk manual__2025-08-05T19:04:18.558608+00:00 [running]> on host 70eaa744a05c
[2025-08-05T19:04:57.013+0000] {taskinstance.py:2480} INFO - Exporting env vars: AIRFLOW_CTX_DAG_OWNER='mateo.biasotto' AIRFLOW_CTX_DAG_ID='pipeline_medallon' AIRFLOW_CTX_TASK_ID='cargar_a_bulk' AIRFLOW_CTX_EXECUTION_DATE='2025-08-05T19:04:18.558608+00:00' AIRFLOW_CTX_TRY_NUMBER='1' AIRFLOW_CTX_DAG_RUN_ID='manual__2025-08-05T19:04:18.558608+00:00'
[2025-08-05T19:04:57.015+0000] {subprocess.py:63} INFO - Tmp dir root location: /tmp
[2025-08-05T19:04:57.016+0000] {subprocess.py:75} INFO - Running command: ['/usr/bin/bash', '-c', 'python3 /opt/airflow/scripts/minio_04_carga_a_transito.py']
[2025-08-05T19:04:57.024+0000] {subprocess.py:86} INFO - Output:
[2025-08-05T19:04:58.747+0000] {subprocess.py:93} INFO - Conectando a MinIO en minio:9000...
[2025-08-05T19:04:58.748+0000] {subprocess.py:93} INFO - Tablas bulk limpiadas correctamente antes de la carga.
[2025-08-05T19:04:58.748+0000] {subprocess.py:93} INFO - Cargando dim_cliente.parquet (4913 filas) a bulk_dim_cliente...
[2025-08-05T19:04:58.749+0000] {subprocess.py:93} INFO -    🔹 bulk_dim_cliente: 4913 → 795 filas tras limpiar nulos y duplicados en customer_id.
[2025-08-05T19:04:58.749+0000] {subprocess.py:93} INFO - 795 filas cargadas en bulk_dim_cliente
[2025-08-05T19:04:58.750+0000] {subprocess.py:93} INFO - Cargando dim_producto.parquet (1894 filas) a bulk_dim_producto...
[2025-08-05T19:04:58.750+0000] {subprocess.py:93} INFO -    🔹 bulk_dim_producto: 1894 → 1862 filas tras limpiar nulos y duplicados en product_id.
[2025-08-05T19:04:58.750+0000] {subprocess.py:93} INFO - 1862 filas cargadas en bulk_dim_producto
[2025-08-05T19:04:58.751+0000] {subprocess.py:93} INFO - Cargando fact_ventas.parquet (9998 filas) a bulk_fact_ventas...
[2025-08-05T19:04:58.751+0000] {subprocess.py:93} INFO -    🔹 bulk_fact_ventas: 9998 → 9986 filas tras limpiar nulos y duplicados en (order_id, product_id).
[2025-08-05T19:04:58.751+0000] {subprocess.py:93} INFO - 9986 filas cargadas en bulk_fact_ventas
[2025-08-05T19:04:58.887+0000] {subprocess.py:97} INFO - Command exited with return code 0
[2025-08-05T19:04:58.942+0000] {taskinstance.py:1138} INFO - Marking task as SUCCESS. dag_id=pipeline_medallon, task_id=cargar_a_bulk, execution_date=20250805T190418, start_date=20250805T190456, end_date=20250805T190458
[2025-08-05T19:04:59.016+0000] {local_task_job_runner.py:234} INFO - Task exited with return code 0
[2025-08-05T19:04:59.057+0000] {taskinstance.py:3280} INFO - 1 downstream tasks scheduled from follow-on schedule check
