[2025-08-01T13:33:19.244+0000] {taskinstance.py:1956} INFO - Dependencies all met for dep_context=non-requeueable deps ti=<TaskInstance: pipeline_medallon.cargar_a_bulk manual__2025-08-01T13:32:38.068363+00:00 [queued]>
[2025-08-01T13:33:19.262+0000] {taskinstance.py:1956} INFO - Dependencies all met for dep_context=requeueable deps ti=<TaskInstance: pipeline_medallon.cargar_a_bulk manual__2025-08-01T13:32:38.068363+00:00 [queued]>
[2025-08-01T13:33:19.263+0000] {taskinstance.py:2170} INFO - Starting attempt 1 of 2
[2025-08-01T13:33:19.319+0000] {taskinstance.py:2191} INFO - Executing <Task(BashOperator): cargar_a_bulk> on 2025-08-01 13:32:38.068363+00:00
[2025-08-01T13:33:19.323+0000] {standard_task_runner.py:60} INFO - Started process 183 to run task
[2025-08-01T13:33:19.328+0000] {standard_task_runner.py:87} INFO - Running: ['airflow', 'tasks', 'run', 'pipeline_medallon', 'cargar_a_bulk', 'manual__2025-08-01T13:32:38.068363+00:00', '--job-id', '119', '--raw', '--subdir', 'DAGS_FOLDER/pipeline_medallon_dag.py', '--cfg-path', '/tmp/tmpadonfwuk']
[2025-08-01T13:33:19.331+0000] {standard_task_runner.py:88} INFO - Job 119: Subtask cargar_a_bulk
[2025-08-01T13:33:19.432+0000] {task_command.py:423} INFO - Running <TaskInstance: pipeline_medallon.cargar_a_bulk manual__2025-08-01T13:32:38.068363+00:00 [running]> on host 70eaa744a05c
[2025-08-01T13:33:19.573+0000] {taskinstance.py:2480} INFO - Exporting env vars: AIRFLOW_CTX_DAG_OWNER='mateo.biasotto' AIRFLOW_CTX_DAG_ID='pipeline_medallon' AIRFLOW_CTX_TASK_ID='cargar_a_bulk' AIRFLOW_CTX_EXECUTION_DATE='2025-08-01T13:32:38.068363+00:00' AIRFLOW_CTX_TRY_NUMBER='1' AIRFLOW_CTX_DAG_RUN_ID='manual__2025-08-01T13:32:38.068363+00:00'
[2025-08-01T13:33:19.574+0000] {subprocess.py:63} INFO - Tmp dir root location: /tmp
[2025-08-01T13:33:19.576+0000] {subprocess.py:75} INFO - Running command: ['/usr/bin/bash', '-c', 'python3 /opt/airflow/scripts/04_carga_a_transito.py']
[2025-08-01T13:33:19.582+0000] {subprocess.py:86} INFO - Output:
[2025-08-01T13:33:21.604+0000] {subprocess.py:93} INFO - 🔗 Conectando a MinIO en minio:9000...
[2025-08-01T13:33:21.605+0000] {subprocess.py:93} INFO - 📥 Cargando dim_cliente.parquet (4910 filas) a bulk_dim_cliente...
[2025-08-01T13:33:21.606+0000] {subprocess.py:93} INFO -    ✅ 4910 filas cargadas en bulk_dim_cliente
[2025-08-01T13:33:21.606+0000] {subprocess.py:93} INFO - 📥 Cargando dim_producto.parquet (1894 filas) a bulk_dim_producto...
[2025-08-01T13:33:21.607+0000] {subprocess.py:93} INFO -    ✅ 1894 filas cargadas en bulk_dim_producto
[2025-08-01T13:33:21.607+0000] {subprocess.py:93} INFO - 📥 Cargando fact_ventas.parquet (9994 filas) a bulk_fact_ventas...
[2025-08-01T13:33:21.608+0000] {subprocess.py:93} INFO -    ✅ 9994 filas cargadas en bulk_fact_ventas
[2025-08-01T13:33:21.723+0000] {subprocess.py:97} INFO - Command exited with return code 0
[2025-08-01T13:33:21.783+0000] {taskinstance.py:1138} INFO - Marking task as SUCCESS. dag_id=pipeline_medallon, task_id=cargar_a_bulk, execution_date=20250801T133238, start_date=20250801T133319, end_date=20250801T133321
[2025-08-01T13:33:21.829+0000] {local_task_job_runner.py:234} INFO - Task exited with return code 0
[2025-08-01T13:33:21.874+0000] {taskinstance.py:3280} INFO - 1 downstream tasks scheduled from follow-on schedule check
